Using pre-set license
Built from '2022.3/staging' branch; Version is '2022.3.23f1 (dbb3f7c5b5c6) revision 14398455'; Using compiler version '192829333'; Build Type 'Release'
OS: 'Windows 10  (10.0.19045) 64bit Core' Language: 'en' Physical Memory: 31702 MB
BatchMode: 1, IsHumanControllingUs: 0, StartBugReporterOnCrash: 0, Is64bit: 1, IsPro: 1

COMMAND LINE ARGUMENTS:
C:\Program Files\Unity\Hub\Editor\2022.3.23f1\Editor\Unity.exe
-adb2
-batchMode
-noUpm
-name
AssetImportWorker4
-projectPath
C:/Users/rayn3/OneDrive/Documents/i3eXstld/EpicIPChubClub/Assets
-logFile
Logs/AssetImportWorker4.log
-srvPort
51089
Successfully changed project path to: C:/Users/rayn3/OneDrive/Documents/i3eXstld/EpicIPChubClub/Assets
C:/Users/rayn3/OneDrive/Documents/i3eXstld/EpicIPChubClub/Assets
[UnityMemory] Configuration Parameters - Can be set up in boot.config
    "memorysetup-bucket-allocator-granularity=16"
    "memorysetup-bucket-allocator-bucket-count=8"
    "memorysetup-bucket-allocator-block-size=33554432"
    "memorysetup-bucket-allocator-block-count=8"
    "memorysetup-main-allocator-block-size=16777216"
    "memorysetup-thread-allocator-block-size=16777216"
    "memorysetup-gfx-main-allocator-block-size=16777216"
    "memorysetup-gfx-thread-allocator-block-size=16777216"
    "memorysetup-cache-allocator-block-size=4194304"
    "memorysetup-typetree-allocator-block-size=2097152"
    "memorysetup-profiler-bucket-allocator-granularity=16"
    "memorysetup-profiler-bucket-allocator-bucket-count=8"
    "memorysetup-profiler-bucket-allocator-block-size=33554432"
    "memorysetup-profiler-bucket-allocator-block-count=8"
    "memorysetup-profiler-allocator-block-size=16777216"
    "memorysetup-profiler-editor-allocator-block-size=1048576"
    "memorysetup-temp-allocator-size-main=16777216"
    "memorysetup-job-temp-allocator-block-size=2097152"
    "memorysetup-job-temp-allocator-block-size-background=1048576"
    "memorysetup-job-temp-allocator-reduction-small-platforms=262144"
    "memorysetup-allocator-temp-initial-block-size-main=262144"
    "memorysetup-allocator-temp-initial-block-size-worker=262144"
    "memorysetup-temp-allocator-size-background-worker=32768"
    "memorysetup-temp-allocator-size-job-worker=262144"
    "memorysetup-temp-allocator-size-preload-manager=33554432"
    "memorysetup-temp-allocator-size-nav-mesh-worker=65536"
    "memorysetup-temp-allocator-size-audio-worker=65536"
    "memorysetup-temp-allocator-size-cloud-worker=32768"
    "memorysetup-temp-allocator-size-gi-baking-worker=262144"
    "memorysetup-temp-allocator-size-gfx=262144"
Player connection [24292] Host "[IP] 192.168.50.247 [Port] 0 [Flags] 2 [Guid] 3405285574 [EditorId] 3405285574 [Version] 1048832 [Id] WindowsEditor(7,DESKTOP-IN7NUG7) [Debug] 1 [PackageName] WindowsEditor [ProjectName] Editor" joined multi-casting on [225.0.0.222:54997]...

Player connection [24292] Host "[IP] 192.168.50.247 [Port] 0 [Flags] 2 [Guid] 3405285574 [EditorId] 3405285574 [Version] 1048832 [Id] WindowsEditor(7,DESKTOP-IN7NUG7) [Debug] 1 [PackageName] WindowsEditor [ProjectName] Editor" joined alternative multi-casting on [225.0.0.222:34997]...

[Physics::Module] Initialized MultithreadedJobDispatcher with 23 workers.
Refreshing native plugins compatible for Editor in 0.00 ms, found 0 plugins.
Preloading 0 native plugins for Editor in 0.00 ms.
Initialize engine version: 2022.3.23f1 (dbb3f7c5b5c6)
[Subsystems] Discovering subsystems at path C:/Program Files/Unity/Hub/Editor/2022.3.23f1/Editor/Data/Resources/UnitySubsystems
[Subsystems] Discovering subsystems at path C:/Users/rayn3/OneDrive/Documents/i3eXstld/EpicIPChubClub/Assets/Assets
GfxDevice: creating device client; threaded=0; jobified=0
Direct3D:
    Version:  Direct3D 11.0 [level 11.1]
    Renderer: AMD Radeon RX 7800 XT (ID=0x747e)
    Vendor:   ATI
    VRAM:     16172 MB
    Driver:   31.0.24028.3
Initialize mono
Mono path[0] = 'C:/Program Files/Unity/Hub/Editor/2022.3.23f1/Editor/Data/Managed'
Mono path[1] = 'C:/Program Files/Unity/Hub/Editor/2022.3.23f1/Editor/Data/MonoBleedingEdge/lib/mono/unityjit-win32'
Mono config path = 'C:/Program Files/Unity/Hub/Editor/2022.3.23f1/Editor/Data/MonoBleedingEdge/etc'
Using monoOptions --debugger-agent=transport=dt_socket,embedding=1,server=y,suspend=n,address=127.0.0.1:56548
Begin MonoManager ReloadAssembly
Registering precompiled unity dll's ...
Register platform support module: C:/Program Files/Unity/Hub/Editor/2022.3.23f1/Editor/Data/PlaybackEngines/WindowsStandaloneSupport/UnityEditor.WindowsStandalone.Extensions.dll
Registered in 0.014029 seconds.
- Loaded All Assemblies, in  0.283 seconds
Native extension for WindowsStandalone target not found
Mono: successfully reloaded assembly
- Finished resetting the current domain, in  0.175 seconds
Domain Reload Profiling: 455ms
	BeginReloadAssembly (92ms)
		ExecutionOrderSort (0ms)
		DisableScriptedObjects (0ms)
		BackupInstance (0ms)
		ReleaseScriptingObjects (0ms)
		CreateAndSetChildDomain (1ms)
	RebuildCommonClasses (24ms)
	RebuildNativeTypeToScriptingClass (8ms)
	initialDomainReloadingComplete (59ms)
	LoadAllAssembliesAndSetupDomain (97ms)
		LoadAssemblies (86ms)
		RebuildTransferFunctionScriptingTraits (0ms)
		AnalyzeDomain (96ms)
			TypeCache.Refresh (95ms)
				TypeCache.ScanAssembly (86ms)
			ScanForSourceGeneratedMonoScriptInfo (0ms)
			ResolveRequiredComponents (0ms)
	FinalizeReload (175ms)
		ReleaseScriptCaches (0ms)
		RebuildScriptCaches (0ms)
		SetupLoadedEditorAssemblies (136ms)
			LogAssemblyErrors (0ms)
			InitializePlatformSupportModulesInManaged (8ms)
			SetLoadedEditorAssemblies (5ms)
			RefreshPlugins (0ms)
			BeforeProcessingInitializeOnLoad (1ms)
			ProcessInitializeOnLoadAttributes (93ms)
			ProcessInitializeOnLoadMethodAttributes (29ms)
			AfterProcessingInitializeOnLoad (0ms)
			EditorAssembliesLoaded (0ms)
		ExecutionOrderSort2 (0ms)
		AwakeInstancesAfterBackupRestoration (0ms)
========================================================================
Worker process is ready to serve import requests
Begin MonoManager ReloadAssembly
- Loaded All Assemblies, in  0.166 seconds
Refreshing native plugins compatible for Editor in 0.00 ms, found 0 plugins.
Native extension for WindowsStandalone target not found
Mono: successfully reloaded assembly
- Finished resetting the current domain, in  0.225 seconds
Domain Reload Profiling: 389ms
	BeginReloadAssembly (110ms)
		ExecutionOrderSort (0ms)
		DisableScriptedObjects (5ms)
		BackupInstance (0ms)
		ReleaseScriptingObjects (0ms)
		CreateAndSetChildDomain (18ms)
	RebuildCommonClasses (21ms)
	RebuildNativeTypeToScriptingClass (7ms)
	initialDomainReloadingComplete (21ms)
	LoadAllAssembliesAndSetupDomain (3ms)
		LoadAssemblies (66ms)
		RebuildTransferFunctionScriptingTraits (0ms)
		AnalyzeDomain (2ms)
			TypeCache.Refresh (1ms)
				TypeCache.ScanAssembly (0ms)
			ScanForSourceGeneratedMonoScriptInfo (0ms)
			ResolveRequiredComponents (0ms)
	FinalizeReload (226ms)
		ReleaseScriptCaches (0ms)
		RebuildScriptCaches (0ms)
		SetupLoadedEditorAssemblies (140ms)
			LogAssemblyErrors (0ms)
			InitializePlatformSupportModulesInManaged (6ms)
			SetLoadedEditorAssemblies (3ms)
			RefreshPlugins (0ms)
			BeforeProcessingInitializeOnLoad (19ms)
			ProcessInitializeOnLoadAttributes (90ms)
			ProcessInitializeOnLoadMethodAttributes (13ms)
			AfterProcessingInitializeOnLoad (8ms)
			EditorAssembliesLoaded (0ms)
		ExecutionOrderSort2 (0ms)
		AwakeInstancesAfterBackupRestoration (5ms)
Launched and connected shader compiler UnityShaderCompiler.exe after 0.03 seconds
Refreshing native plugins compatible for Editor in 0.00 ms, found 0 plugins.
Preloading 0 native plugins for Editor in 0.00 ms.
Unloading 6 Unused Serialized files (Serialized files now loaded: 0)
Unloading 3 unused Assets / (40.0 KB). Loaded Objects now: 478.
Memory consumption went from 52.9 MB to 52.9 MB.
Total: 2.044900 ms (FindLiveObjects: 0.026600 ms CreateObjectMapping: 0.002100 ms MarkObjects: 1.945700 ms  DeleteObjects: 0.068900 ms)

AssetImportParameters requested are different than current active one (requested -> active):
  custom:video-decoder-ogg-theora: a1e56fd34408186e4bbccfd4996cb3dc -> 
  custom:container-muxer-webm: aa71ff27fc2769a1b78a27578f13a17b -> 
  custom:container-demuxer-webm: 4f35f7cbe854078d1ac9338744f61a02 -> 
  custom:video-encoder-webm-vp8: eb34c28f22e8b96e1ab97ce403110664 -> 
  custom:CustomObjectIndexerAttribute: 9a22284fe3817be447336de3de66b15e -> 
  custom:audio-encoder-webm-vorbis: bf7c407c2cedff20999df2af8eb42d56 -> 
  custom:framework-win-MediaFoundation: 216162199b28c13a410421893ffa2e32 -> 
  custom:SearchIndexIgnoredProperties: e643bd26f0fe6173181afceb89e7c659 -> 
  custom:container-demuxer-ogg: 62fdf1f143b41e24485cea50d1cbac27 -> 
  custom:video-decoder-webm-vp8: 9c59270c3fd7afecdb556c50c9e8de78 -> 
  custom:audio-decoder-ogg-vorbis: bf7c407c2cedff20999df2af8eb42d56 -> 
  custom:AudioImporter_EditorPlatform: d09bf68614088b80899f8185d706f6e7 -> 
========================================================================
Received Import Request.
  Time since last request: 3920.033768 seconds.
  path: Assets/Ch31_1001_Normal.png
  artifactKey: Guid(c97fc18ab35353145a55460271bbbb80) Importer(815301076,1909f56bfc062723c751e8b465ee728b)
Start importing Assets/Ch31_1001_Normal.png using Guid(c97fc18ab35353145a55460271bbbb80) Importer(815301076,1909f56bfc062723c751e8b465ee728b)  -> (artifact id: '15919dc0a0506be060eae322405ebfee') in 0.076536 seconds
Number of updated asset objects reloaded before import = 0
Number of asset objects unloaded after import = 2
========================================================================
Received Import Request.
  Time since last request: 0.000010 seconds.
  path: Assets/Vanguard By T. Choonyung (1).fbx
  artifactKey: Guid(4f619a56ec8f82940b05256d3e9ac420) Importer(815301076,1909f56bfc062723c751e8b465ee728b)
Start importing Assets/Vanguard By T. Choonyung (1).fbx using Guid(4f619a56ec8f82940b05256d3e9ac420) Importer(815301076,1909f56bfc062723c751e8b465ee728b)  -> (artifact id: '8b8adf7e5671f50219e1cc0ac87a247b') in 0.381180 seconds
Number of updated asset objects reloaded before import = 0
Number of asset objects unloaded after import = 147
========================================================================
Received Import Request.
  Time since last request: 0.000018 seconds.
  path: Assets/Excited.fbx
  artifactKey: Guid(dbf56ce03f6fedc4c828ba6337df7709) Importer(815301076,1909f56bfc062723c751e8b465ee728b)
Start importing Assets/Excited.fbx using Guid(dbf56ce03f6fedc4c828ba6337df7709) Importer(815301076,1909f56bfc062723c751e8b465ee728b)  -> (artifact id: 'f63201cea60fcaa7cfa376429bc931ff') in 0.335166 seconds
Number of updated asset objects reloaded before import = 0
Number of asset objects unloaded after import = 630
========================================================================
Received Import Request.
  Time since last request: 3.669707 seconds.
  path: Assets/Signs
  artifactKey: Guid(30c753601679af746bf853bd9eecb533) Importer(815301076,1909f56bfc062723c751e8b465ee728b)
Start importing Assets/Signs using Guid(30c753601679af746bf853bd9eecb533) Importer(815301076,1909f56bfc062723c751e8b465ee728b)  -> (artifact id: '25a2362109f9351757145a2d70433ff3') in 0.000950 seconds
Number of updated asset objects reloaded before import = 0
Number of asset objects unloaded after import = 0
========================================================================
Received Import Request.
  Time since last request: 5.639986 seconds.
  path: Assets/EnemyAnims
  artifactKey: Guid(4084f0c61ed77464fa132e4c0a5782e8) Importer(815301076,1909f56bfc062723c751e8b465ee728b)
Start importing Assets/EnemyAnims using Guid(4084f0c61ed77464fa132e4c0a5782e8) Importer(815301076,1909f56bfc062723c751e8b465ee728b)  -> (artifact id: '501b5255ee96d0813724e0cc62159f02') in 0.000305 seconds
Number of updated asset objects reloaded before import = 0
Number of asset objects unloaded after import = 0
========================================================================
Received Import Request.
  Time since last request: 2.687635 seconds.
  path: Assets/Buildings/Building1 1.prefab
  artifactKey: Guid(f5bfc886128688c4a8b728a0229d07d1) Importer(815301076,1909f56bfc062723c751e8b465ee728b)
Start importing Assets/Buildings/Building1 1.prefab using Guid(f5bfc886128688c4a8b728a0229d07d1) Importer(815301076,1909f56bfc062723c751e8b465ee728b)  -> (artifact id: '2e16e6ad812d70b8d6c0588b1ed7751b') in 0.140396 seconds
Number of updated asset objects reloaded before import = 0
Number of asset objects unloaded after import = 598
========================================================================
Received Import Request.
  Time since last request: 1.721338 seconds.
  path: Assets/BossAnims/Neutral Idle.fbx
  artifactKey: Guid(4fd9d9aecdd50c24393f42f7edd45db1) Importer(815301076,1909f56bfc062723c751e8b465ee728b)
Start importing Assets/BossAnims/Neutral Idle.fbx using Guid(4fd9d9aecdd50c24393f42f7edd45db1) Importer(815301076,1909f56bfc062723c751e8b465ee728b)  -> (artifact id: '7b3c90c8790249e55abcb790561df792') in 0.105746 seconds
Number of updated asset objects reloaded before import = 0
Number of asset objects unloaded after import = 197
========================================================================
Received Import Request.
  Time since last request: 2.398206 seconds.
  path: Assets/Signs/Sign.prefab
  artifactKey: Guid(16ea14ff5a083a242b2ee3f10261f9c5) Importer(815301076,1909f56bfc062723c751e8b465ee728b)
Start importing Assets/Signs/Sign.prefab using Guid(16ea14ff5a083a242b2ee3f10261f9c5) Importer(815301076,1909f56bfc062723c751e8b465ee728b)  -> (artifact id: 'ee58678dec98065cb29effb21433594c') in 0.010615 seconds
Number of updated asset objects reloaded before import = 0
Number of asset objects unloaded after import = 259
========================================================================
Received Import Request.
  Time since last request: 1.046651 seconds.
  path: Assets/prefabs/bench_lp.001.prefab
  artifactKey: Guid(8785c28763d316644bf8284f2225fb9a) Importer(815301076,1909f56bfc062723c751e8b465ee728b)
Start importing Assets/prefabs/bench_lp.001.prefab using Guid(8785c28763d316644bf8284f2225fb9a) Importer(815301076,1909f56bfc062723c751e8b465ee728b)  -> (artifact id: '47b5e75e9b309997eabf6d04535b3a46') in 0.018671 seconds
Number of updated asset objects reloaded before import = 0
Number of asset objects unloaded after import = 12
========================================================================
Received Import Request.
  Time since last request: 0.599173 seconds.
  path: Assets/PlayerAttacks/Attack1.asset
  artifactKey: Guid(58cd7456f0b194741aad6ca2df07eda9) Importer(815301076,1909f56bfc062723c751e8b465ee728b)
Start importing Assets/PlayerAttacks/Attack1.asset using Guid(58cd7456f0b194741aad6ca2df07eda9) Importer(815301076,1909f56bfc062723c751e8b465ee728b)  -> (artifact id: '301ed880e007795bf97bc06096d2c1a7') in 0.000817 seconds
Number of updated asset objects reloaded before import = 0
Number of asset objects unloaded after import = 1
========================================================================
Received Import Request.
  Time since last request: 0.000213 seconds.
  path: Assets/PlayerAttacks/Attack2.overrideController
  artifactKey: Guid(cb17e977176340c4d81acf64685a0f10) Importer(815301076,1909f56bfc062723c751e8b465ee728b)
Start importing Assets/PlayerAttacks/Attack2.overrideController using Guid(cb17e977176340c4d81acf64685a0f10) Importer(815301076,1909f56bfc062723c751e8b465ee728b)  -> (artifact id: 'f95327fb45bd2c544775c35ba92ab7f9') in 0.001282 seconds
Number of updated asset objects reloaded before import = 0
Number of asset objects unloaded after import = 2
========================================================================
Received Import Request.
  Time since last request: 0.657361 seconds.
  path: Assets/Outside Stuff/boulder.mat
  artifactKey: Guid(606a3b76e7e27e94a8c55f42ac812abe) Importer(815301076,1909f56bfc062723c751e8b465ee728b)
Start importing Assets/Outside Stuff/boulder.mat using Guid(606a3b76e7e27e94a8c55f42ac812abe) Importer(815301076,1909f56bfc062723c751e8b465ee728b)  -> (artifact id: '88f3bd2727adbd10aaaac55357047df8') in 0.010721 seconds
Number of updated asset objects reloaded before import = 0
Number of asset objects unloaded after import = 6
========================================================================
Received Import Request.
  Time since last request: 0.000012 seconds.
  path: Assets/Outside Stuff/Street_Scene.fbx
  artifactKey: Guid(25a370442552659498556b4138cfca65) Importer(815301076,1909f56bfc062723c751e8b465ee728b)
Start importing Assets/Outside Stuff/Street_Scene.fbx using Guid(25a370442552659498556b4138cfca65) Importer(815301076,1909f56bfc062723c751e8b465ee728b)  -> (artifact id: 'c63fa8d56e5b67c71c5438e5624afa78') in 0.123272 seconds
Number of updated asset objects reloaded before import = 0
Number of asset objects unloaded after import = 110
========================================================================
Received Import Request.
  Time since last request: 0.876665 seconds.
  path: Assets/Guns/AK_STYLIZED_Material_AO.png
  artifactKey: Guid(66d5d2116ef39724d9807f4682be0d2b) Importer(815301076,1909f56bfc062723c751e8b465ee728b)
Start importing Assets/Guns/AK_STYLIZED_Material_AO.png using Guid(66d5d2116ef39724d9807f4682be0d2b) Importer(815301076,1909f56bfc062723c751e8b465ee728b)  -> (artifact id: '472a86f3d9454b95199881d8caca0e82') in 0.010316 seconds
Number of updated asset objects reloaded before import = 0
Number of asset objects unloaded after import = 2
========================================================================
Received Import Request.
  Time since last request: 0.000010 seconds.
  path: Assets/Guns/Gunny.mat
  artifactKey: Guid(c41aaa2d6deff0f4d923cf06a60afe39) Importer(815301076,1909f56bfc062723c751e8b465ee728b)
Start importing Assets/Guns/Gunny.mat using Guid(c41aaa2d6deff0f4d923cf06a60afe39) Importer(815301076,1909f56bfc062723c751e8b465ee728b)  -> (artifact id: '8a40da14b4188923fe9423ece03ced4d') in 0.008782 seconds
Number of updated asset objects reloaded before import = 0
Number of asset objects unloaded after import = 6
========================================================================
Received Import Request.
  Time since last request: 1.492171 seconds.
  path: Assets/EnemyAnims/Die.fbx
  artifactKey: Guid(e967d370d391aeb4b88121fddce08dad) Importer(815301076,1909f56bfc062723c751e8b465ee728b)
Start importing Assets/EnemyAnims/Die.fbx using Guid(e967d370d391aeb4b88121fddce08dad) Importer(815301076,1909f56bfc062723c751e8b465ee728b)  -> (artifact id: '27892c5c678bac1a1c062e73e9fea2b7') in 0.027536 seconds
Number of updated asset objects reloaded before import = 0
Number of asset objects unloaded after import = 149
========================================================================
Received Import Request.
  Time since last request: 1.774630 seconds.
  path: Assets/Assets/Final_mech.fbx
  artifactKey: Guid(87aa591a6d1a9a04297d9c67f2b7ab14) Importer(815301076,1909f56bfc062723c751e8b465ee728b)
Start importing Assets/Assets/Final_mech.fbx using Guid(87aa591a6d1a9a04297d9c67f2b7ab14) Importer(815301076,1909f56bfc062723c751e8b465ee728b)  -> (artifact id: '5bc4c5a3ac6c384ad91c1a74b951e2fb') in 0.031040 seconds
Number of updated asset objects reloaded before import = 0
Number of asset objects unloaded after import = 567
